<?xml version="1.0" encoding="UTF-8"?>
<!-- Generated by org.testng.reporters.JUnitReportReporter -->
<testsuite hostname="DESKTOP-ULQ0HFL" failures="0" tests="6" name="testNGListener.SecondTest" time="30.606" errors="0" timestamp="2022-06-16T23:09:35 EEST" skipped="0">
  <testcase classname="testNGListener.SecondTest" name="login" time="6.052"/>
  <system-out/>
  <testcase classname="testNGListener.SecondTest" name="search" time="4.900"/>
  <system-out/>
  <testcase classname="testNGListener.SecondTest" name="search" time="4.178"/>
  <system-out/>
  <testcase classname="testNGListener.SecondTest" name="search" time="4.094"/>
  <system-out/>
  <testcase classname="testNGListener.SecondTest" name="search" time="4.503"/>
  <system-out/>
  <testcase classname="testNGListener.SecondTest" name="logOut" time="6.879"/>
  <system-out/>
</testsuite> <!-- testNGListener.SecondTest -->
