<?xml version="1.0" encoding="UTF-8"?>
<!-- Generated by org.testng.reporters.JUnitReportReporter -->
<testsuite hostname="DESKTOP-ULQ0HFL" failures="0" tests="2" name="testNGListener.AmazonTitleTest" time="15.225" errors="0" timestamp="2022-06-14T19:58:13 EEST" skipped="0">
  <testcase classname="testNGListener.AmazonTitleTest" name="amazonLogoTest" time="7.690"/>
  <system-out/>
  <testcase classname="testNGListener.AmazonTitleTest" name="getAmazonTitle" time="7.535"/>
  <system-out/>
</testsuite> <!-- testNGListener.AmazonTitleTest -->
