<?xml version="1.0" encoding="UTF-8"?>
<!-- Generated by org.testng.reporters.JUnitReportReporter -->
<testsuite hostname="DESKTOP-ULQ0HFL" failures="0" tests="4" name="testNGListener.HalfEbayTest" time="7.723" errors="0" timestamp="2022-06-15T12:50:47 EEST" skipped="0">
  <testcase classname="testNGListener.HalfEbayTest" name="signUp" time="3.449"/>
  <system-out/>
  <testcase classname="testNGListener.HalfEbayTest" name="signUp" time="1.211"/>
  <system-out/>
  <testcase classname="testNGListener.HalfEbayTest" name="signUp" time="1.897"/>
  <system-out/>
  <testcase classname="testNGListener.HalfEbayTest" name="signUp" time="1.166"/>
  <system-out/>
</testsuite> <!-- testNGListener.HalfEbayTest -->
