<?xml version="1.0" encoding="UTF-8"?>
<!-- Generated by org.testng.reporters.JUnitReportReporter -->
<testsuite hostname="DESKTOP-ULQ0HFL" failures="0" tests="2" name="testNGListener.TestNGFeatures" time="0.003" errors="0" timestamp="2022-06-14T19:58:13 EEST" skipped="0">
  <testcase classname="testNGListener.TestNGFeatures" name="homePageTest" time="0.002"/>
  <system-out/>
  <testcase classname="testNGListener.TestNGFeatures" name="login" time="0.001"/>
  <system-out/>
</testsuite> <!-- testNGListener.TestNGFeatures -->
