<?xml version="1.0" encoding="UTF-8"?>
<!-- Generated by org.testng.reporters.JUnitReportReporter -->
<testsuite hostname="DESKTOP-ULQ0HFL" failures="0" tests="1" name="testNGListener.BaseTest" time="11.932" errors="0" timestamp="2022-05-16T17:48:40 EEST" skipped="0">
  <testcase classname="testNGListener.BaseTest" name="login" time="11.932"/>
  <system-out/>
</testsuite> <!-- testNGListener.BaseTest -->
