<?xml version="1.0" encoding="UTF-8"?>
<!-- Generated by org.testng.reporters.JUnitReportReporter -->
<testsuite hostname="DESKTOP-ULQ0HFL" failures="0" tests="3" name="testNGListener.FirstTest" time="46.623" errors="0" timestamp="2022-06-16T23:09:35 EEST" skipped="0">
  <testcase classname="testNGListener.FirstTest" name="login" time="10.007"/>
  <system-out/>
  <testcase classname="testNGListener.FirstTest" name="searchItem" time="30.567"/>
  <system-out/>
  <testcase classname="testNGListener.FirstTest" name="logOut" time="6.049"/>
  <system-out/>
</testsuite> <!-- testNGListener.FirstTest -->
