<?xml version="1.0" encoding="UTF-8"?>
<!-- Generated by org.testng.reporters.JUnitReportReporter -->
<testsuite hostname="DESKTOP-ULQ0HFL" failures="0" tests="2" name="testNGListener.AnnotationTest" time="0.005" errors="0" timestamp="2022-06-14T19:58:13 EEST" skipped="0">
  <testcase classname="testNGListener.AnnotationTest" name="search" time="0.003"/>
  <system-out/>
  <testcase classname="testNGListener.AnnotationTest" name="googleTitleTest" time="0.002"/>
  <system-out/>
</testsuite> <!-- testNGListener.AnnotationTest -->
