<?xml version="1.0" encoding="UTF-8"?>
<!-- Generated by org.testng.reporters.JUnitReportReporter -->
<testsuite hostname="DESKTOP-ULQ0HFL" failures="0" tests="1" name="testNGListener.BaseTest" time="14.717" errors="0" timestamp="2022-05-14T13:24:40 EEST" skipped="0">
  <testcase classname="testNGListener.BaseTest" name="login" time="14.717"/>
  <system-out/>
</testsuite> <!-- testNGListener.BaseTest -->
