<?xml version="1.0" encoding="UTF-8"?>
<!-- Generated by org.testng.reporters.JUnitReportReporter -->
<testsuite hostname="DESKTOP-ULQ0HFL" failures="0" tests="1" name="testNGListener.BaseTest" time="22.348" errors="0" timestamp="2022-06-14T12:49:38 EEST" skipped="0">
  <testcase classname="testNGListener.BaseTest" name="login" time="22.348"/>
  <system-out/>
</testsuite> <!-- testNGListener.BaseTest -->
