<?xml version="1.0" encoding="UTF-8"?>
<!-- Generated by org.testng.reporters.JUnitReportReporter -->
<testsuite hostname="DESKTOP-ULQ0HFL" failures="0" tests="10" name="testNGListener.InvocationCountTest" time="0.019" errors="0" timestamp="2022-06-14T19:58:13 EEST" skipped="0">
  <testcase classname="testNGListener.InvocationCountTest" name="sum" time="0.002"/>
  <system-out/>
  <testcase classname="testNGListener.InvocationCountTest" name="sum" time="0.003"/>
  <system-out/>
  <testcase classname="testNGListener.InvocationCountTest" name="sum" time="0.001"/>
  <system-out/>
  <testcase classname="testNGListener.InvocationCountTest" name="sum" time="0.003"/>
  <system-out/>
  <testcase classname="testNGListener.InvocationCountTest" name="sum" time="0.002"/>
  <system-out/>
  <testcase classname="testNGListener.InvocationCountTest" name="sum" time="0.001"/>
  <system-out/>
  <testcase classname="testNGListener.InvocationCountTest" name="sum" time="0.001"/>
  <system-out/>
  <testcase classname="testNGListener.InvocationCountTest" name="sum" time="0.001"/>
  <system-out/>
  <testcase classname="testNGListener.InvocationCountTest" name="sum" time="0.001"/>
  <system-out/>
  <testcase classname="testNGListener.InvocationCountTest" name="sum" time="0.004"/>
  <system-out/>
</testsuite> <!-- testNGListener.InvocationCountTest -->
