<?xml version="1.0" encoding="UTF-8"?>
<!-- Generated by org.testng.reporters.JUnitReportReporter -->
<testsuite hostname="DESKTOP-ULQ0HFL" failures="0" tests="2" name="testNGListener.NewTest" time="0.029" errors="0" timestamp="2022-06-14T11:52:40 EEST" skipped="0">
  <testcase classname="testNGListener.NewTest" name="googleTitleTest" time="0.021"/>
  <system-out/>
  <testcase classname="testNGListener.NewTest" name="search" time="0.008"/>
  <system-out/>
</testsuite> <!-- testNGListener.NewTest -->
