<?xml version="1.0" encoding="UTF-8"?>
<!-- Generated by org.testng.reporters.JUnitReportReporter -->
<testsuite hostname="DESKTOP-ULQ0HFL" failures="0" tests="1" name="testNGListener.ExceptionTimeOutTest" time="0.003" errors="0" timestamp="2022-06-14T19:58:13 EEST" skipped="0">
  <testcase classname="testNGListener.ExceptionTimeOutTest" name="test1" time="0.003"/>
  <system-out/>
</testsuite> <!-- testNGListener.ExceptionTimeOutTest -->
