<?xml version="1.0" encoding="UTF-8"?>
<!-- Generated by org.testng.reporters.JUnitReportReporter -->
<testsuite hostname="DESKTOP-ULQ0HFL" failures="0" tests="1" name="MavenProject.MavenProject.AppTest" time="0.023" errors="0" timestamp="2022-06-09T17:43:07 EEST" skipped="0">
  <testcase classname="MavenProject.MavenProject.AppTest" name="shouldAnswerWithTrue" time="0.023"/>
  <system-out/>
</testsuite> <!-- MavenProject.MavenProject.AppTest -->
